# JRE version: OpenJDK Runtime Environment (17.0.9) (build 17.0.9+0--11185874)
# Java VM: OpenJDK 64-Bit Server VM (17.0.9+0--11185874, mixed mode, tiered, compressed oops, compressed class ptrs, g1 gc, windows-amd64)
GC Precious Log:
 CPUs: 8 total, 8 available
 Memory: 14261M
 Large Page Support: Disabled
 NUMA Support: Disabled
 Compressed Oops: Enabled (32-bit)
 Heap Region Size: 1M
 Heap Min Capacity: 8M
 Heap Initial Capacity: 224M
 Heap Max Capacity: 2G
 Pre-touch: Disabled
 Parallel Workers: 8
 Concurrent Workers: 2
 Concurrent Refinement Workers: 8
 Periodic GC: Disabled
Heap:
 garbage-first heap   total 435200K, used 238333K [0x0000000080000000, 0x0000000100000000)
  region size 1024K, 27 young (27648K), 5 survivors (5120K)
 Metaspace       used 131130K, committed 132096K, reserved 1179648K
  class space    used 18456K, committed 18944K, reserved 1048576K
GC Heap History (20 events):
Event: 31.871 GC heap before
{Heap before GC invocations=96 (full 0):
 garbage-first heap   total 365568K, used 315883K [0x0000000080000000, 0x0000000100000000)
  region size 1024K, 119 young (121856K), 5 survivors (5120K)
 Metaspace       used 131014K, committed 131968K, reserved 1179648K
  class space    used 18450K, committed 18944K, reserved 1048576K
}
Event: 31.877 GC heap after
{Heap after GC invocations=97 (full 0):
 garbage-first heap   total 365568K, used 198517K [0x0000000080000000, 0x0000000100000000)
  region size 1024K, 4 young (4096K), 4 survivors (4096K)
 Metaspace       used 131014K, committed 131968K, reserved 1179648K
  class space    used 18450K, committed 18944K, reserved 1048576K
}
Event: 32.383 GC heap before
{Heap before GC invocations=97 (full 0):
 garbage-first heap   total 365568K, used 316277K [0x0000000080000000, 0x0000000100000000)
  region size 1024K, 119 young (121856K), 4 survivors (4096K)
 Metaspace       used 131069K, committed 132032K, reserved 1179648K
  class space    used 18455K, committed 18944K, reserved 1048576K
}
Event: 32.390 GC heap after
{Heap after GC invocations=98 (full 0):
 garbage-first heap   total 365568K, used 196735K [0x0000000080000000, 0x0000000100000000)
  region size 1024K, 4 young (4096K), 4 survivors (4096K)
 Metaspace       used 131069K, committed 132032K, reserved 1179648K
  class space    used 18455K, committed 18944K, reserved 1048576K
}
Event: 33.044 GC heap before
{Heap before GC invocations=98 (full 0):
 garbage-first heap   total 365568K, used 316543K [0x0000000080000000, 0x0000000100000000)
  region size 1024K, 121 young (123904K), 4 survivors (4096K)
 Metaspace       used 131079K, committed 132032K, reserved 1179648K
  class space    used 18455K, committed 18944K, reserved 1048576K
}
Event: 33.051 GC heap after
{Heap after GC invocations=99 (full 0):
 garbage-first heap   total 365568K, used 196834K [0x0000000080000000, 0x0000000100000000)
  region size 1024K, 4 young (4096K), 4 survivors (4096K)
 Metaspace       used 131079K, committed 132032K, reserved 1179648K
  class space    used 18455K, committed 18944K, reserved 1048576K
}
Event: 33.465 GC heap before
{Heap before GC invocations=99 (full 0):
 garbage-first heap   total 365568K, used 318690K [0x0000000080000000, 0x0000000100000000)
  region size 1024K, 123 young (125952K), 4 survivors (4096K)
 Metaspace       used 131094K, committed 132032K, reserved 1179648K
  class space    used 18455K, committed 18944K, reserved 1048576K
}
Event: 33.472 GC heap after
{Heap after GC invocations=100 (full 0):
 garbage-first heap   total 365568K, used 197928K [0x0000000080000000, 0x0000000100000000)
  region size 1024K, 5 young (5120K), 5 survivors (5120K)
 Metaspace       used 131094K, committed 132032K, reserved 1179648K
  class space    used 18455K, committed 18944K, reserved 1048576K
}
Event: 33.901 GC heap before
{Heap before GC invocations=100 (full 0):
 garbage-first heap   total 365568K, used 318760K [0x0000000080000000, 0x0000000100000000)
  region size 1024K, 123 young (125952K), 5 survivors (5120K)
 Metaspace       used 131101K, committed 132032K, reserved 1179648K
  class space    used 18455K, committed 18944K, reserved 1048576K
}
Event: 33.918 GC heap after
{Heap after GC invocations=101 (full 0):
 garbage-first heap   total 365568K, used 204553K [0x0000000080000000, 0x0000000100000000)
  region size 1024K, 11 young (11264K), 11 survivors (11264K)
 Metaspace       used 131101K, committed 132032K, reserved 1179648K
  class space    used 18455K, committed 18944K, reserved 1048576K
}
Event: 34.321 GC heap before
{Heap before GC invocations=101 (full 0):
 garbage-first heap   total 365568K, used 315145K [0x0000000080000000, 0x0000000100000000)
  region size 1024K, 119 young (121856K), 11 survivors (11264K)
 Metaspace       used 131110K, committed 132032K, reserved 1179648K
  class space    used 18455K, committed 18944K, reserved 1048576K
}
Event: 34.338 GC heap after
{Heap after GC invocations=102 (full 0):
 garbage-first heap   total 365568K, used 212270K [0x0000000080000000, 0x0000000100000000)
  region size 1024K, 15 young (15360K), 15 survivors (15360K)
 Metaspace       used 131110K, committed 132032K, reserved 1179648K
  class space    used 18455K, committed 18944K, reserved 1048576K
}
Event: 34.711 GC heap before
{Heap before GC invocations=102 (full 0):
 garbage-first heap   total 365568K, used 311598K [0x0000000080000000, 0x0000000100000000)
  region size 1024K, 112 young (114688K), 15 survivors (15360K)
 Metaspace       used 131120K, committed 132032K, reserved 1179648K
  class space    used 18456K, committed 18944K, reserved 1048576K
}
Event: 34.720 GC heap after
{Heap after GC invocations=103 (full 0):
 garbage-first heap   total 365568K, used 216944K [0x0000000080000000, 0x0000000100000000)
  region size 1024K, 5 young (5120K), 5 survivors (5120K)
 Metaspace       used 131120K, committed 132032K, reserved 1179648K
  class space    used 18456K, committed 18944K, reserved 1048576K
}
Event: 35.008 GC heap before
{Heap before GC invocations=103 (full 0):
 garbage-first heap   total 365568K, used 313200K [0x0000000080000000, 0x0000000100000000)
  region size 1024K, 99 young (101376K), 5 survivors (5120K)
 Metaspace       used 131121K, committed 132032K, reserved 1179648K
  class space    used 18456K, committed 18944K, reserved 1048576K
}
Event: 35.012 GC heap after
{Heap after GC invocations=104 (full 0):
 garbage-first heap   total 365568K, used 216225K [0x0000000080000000, 0x0000000100000000)
  region size 1024K, 5 young (5120K), 5 survivors (5120K)
 Metaspace       used 131121K, committed 132032K, reserved 1179648K
  class space    used 18456K, committed 18944K, reserved 1048576K
}
Event: 35.264 GC heap before
{Heap before GC invocations=104 (full 0):
 garbage-first heap   total 365568K, used 315553K [0x0000000080000000, 0x0000000100000000)
  region size 1024K, 102 young (104448K), 5 survivors (5120K)
 Metaspace       used 131125K, committed 132096K, reserved 1179648K
  class space    used 18456K, committed 18944K, reserved 1048576K
}
Event: 35.271 GC heap after
{Heap after GC invocations=105 (full 0):
 garbage-first heap   total 365568K, used 216592K [0x0000000080000000, 0x0000000100000000)
  region size 1024K, 5 young (5120K), 5 survivors (5120K)
 Metaspace       used 131125K, committed 132096K, reserved 1179648K
  class space    used 18456K, committed 18944K, reserved 1048576K
}
Event: 35.915 GC heap before
{Heap before GC invocations=105 (full 0):
 garbage-first heap   total 365568K, used 317968K [0x0000000080000000, 0x0000000100000000)
  region size 1024K, 104 young (106496K), 5 survivors (5120K)
 Metaspace       used 131129K, committed 132096K, reserved 1179648K
  class space    used 18456K, committed 18944K, reserved 1048576K
}
Event: 35.922 GC heap after
{Heap after GC invocations=106 (full 0):
 garbage-first heap   total 435200K, used 216829K [0x0000000080000000, 0x0000000100000000)
  region size 1024K, 5 young (5120K), 5 survivors (5120K)
 Metaspace       used 131129K, committed 132096K, reserved 1179648K
  class space    used 18456K, committed 18944K, reserved 1048576K
}

